  Tutorial.cpp
C:\Users\Public\Java\LowLevel\C++\LowLevel\LowLevel.h(86): warning C4091: 'static ': ignorado à esquerda de 'LowLevel::NumberSystem' quando nenhuma variável é declarada
C:\Users\Public\Java\LowLevel\C++\LowLevel\Binary.h(205,22): warning C4018: '<': incompatibilidade de signed/unsigned
C:\Users\Public\Java\LowLevel\C++\LowLevel\Binary.h(211,22): warning C4018: '<': incompatibilidade de signed/unsigned
C:\Users\Public\Java\LowLevel\C++\LowLevel\Binary.h(234,21): warning C4018: '<': incompatibilidade de signed/unsigned
C:\Users\Public\Java\LowLevel\C++\LowLevel\Binary.h(240,21): warning C4018: '<': incompatibilidade de signed/unsigned
C:\Users\Public\Java\LowLevel\C++\LowLevel\Binary.h(263,22): warning C4018: '<': incompatibilidade de signed/unsigned
C:\Users\Public\Java\LowLevel\C++\LowLevel\Binary.h(270,26): warning C4018: '<': incompatibilidade de signed/unsigned
C:\Users\Public\Java\LowLevel\C++\LowLevel\Binary.h(284,21): warning C4018: '<': incompatibilidade de signed/unsigned
C:\Users\Public\Java\LowLevel\C++\LowLevel\Binary.h(291,25): warning C4018: '<': incompatibilidade de signed/unsigned
C:\Users\Public\Java\LowLevel\C++\LowLevel\Binary.h(333,22): warning C4018: '<': incompatibilidade de signed/unsigned
C:\Users\Public\Java\LowLevel\C++\LowLevel\Binary.h(349,21): warning C4018: '<': incompatibilidade de signed/unsigned
C:\Users\Public\Java\LowLevel\C++\LowLevel\Binary.h(386,22): warning C4018: '<': incompatibilidade de signed/unsigned
C:\Users\Public\Java\LowLevel\C++\LowLevel\Binary.h(409,21): warning C4018: '<': incompatibilidade de signed/unsigned
C:\Users\Public\Java\LowLevel\C++\LowLevel\Binary.h(454,1): warning C4267: 'inicializando': conversão de 'size_t' para 'char', possível perda de dados
C:\Users\Public\Java\LowLevel\C++\LowLevel\Binary.h(455,1): warning C4267: 'inicializando': conversão de 'size_t' para 'char', possível perda de dados
C:\Users\Public\Java\LowLevel\C++\LowLevel\Binary.h(456,1): warning C4267: 'inicializando': conversão de 'size_t' para 'char', possível perda de dados
C:\Users\Public\Java\LowLevel\C++\LowLevel\Binary.h(460,21): warning C4018: '<': incompatibilidade de signed/unsigned
C:\Users\Public\Java\LowLevel\C++\LowLevel\Binary.h(481,1): warning C4267: 'inicializando': conversão de 'size_t' para 'char', possível perda de dados
C:\Users\Public\Java\LowLevel\C++\LowLevel\Binary.h(482,1): warning C4267: 'inicializando': conversão de 'size_t' para 'char', possível perda de dados
C:\Users\Public\Java\LowLevel\C++\LowLevel\Binary.h(483,1): warning C4267: 'inicializando': conversão de 'size_t' para 'char', possível perda de dados
C:\Users\Public\Java\LowLevel\C++\LowLevel\Binary.h(487,21): warning C4018: '<': incompatibilidade de signed/unsigned
C:\Users\Public\Java\LowLevel\C++\LowLevel\Binary.h(508,1): warning C4267: 'inicializando': conversão de 'size_t' para 'char', possível perda de dados
C:\Users\Public\Java\LowLevel\C++\LowLevel\Binary.h(509,1): warning C4267: 'inicializando': conversão de 'size_t' para 'char', possível perda de dados
C:\Users\Public\Java\LowLevel\C++\LowLevel\Binary.h(510,1): warning C4267: 'inicializando': conversão de 'size_t' para 'char', possível perda de dados
C:\Users\Public\Java\LowLevel\C++\LowLevel\Binary.h(514,21): warning C4018: '<': incompatibilidade de signed/unsigned
C:\Users\Public\Java\LowLevel\C++\LowLevel\Binary.h(535,1): warning C4267: 'inicializando': conversão de 'size_t' para 'char', possível perda de dados
C:\Users\Public\Java\LowLevel\C++\LowLevel\Binary.h(536,1): warning C4267: 'inicializando': conversão de 'size_t' para 'char', possível perda de dados
C:\Users\Public\Java\LowLevel\C++\LowLevel\Binary.h(537,1): warning C4267: 'inicializando': conversão de 'size_t' para 'char', possível perda de dados
C:\Users\Public\Java\LowLevel\C++\LowLevel\Binary.h(541,21): warning C4018: '<': incompatibilidade de signed/unsigned
  Gerando código
  0 of 51 functions ( 0.0%) were compiled, the rest were copied from previous compilation.
    0 functions were new in current compilation
    0 functions had inline decision re-evaluated but remain unchanged
  Finalizada a geração de código
  LowLevel.vcxproj -> C:\Users\Public\Java\LowLevel\C++\LowLevel\Release\LowLevel.exe
